<?xml version="1.0" encoding="UTF-8"?>
<coverage generated="1652642230580" clover="3.2.0">
  <project timestamp="1652642230581" name="All files">
    <metrics statements="25" coveredstatements="25" conditionals="6" coveredconditionals="6" methods="12" coveredmethods="12" elements="43" coveredelements="43" complexity="0" loc="25" ncloc="25" packages="1" files="2" classes="2"/>
    <file name="duckClassifier.js" path="/home/allinny/Documentos/Capacitação/jest-basic-challenges/src/duckClassifier.js">
      <metrics statements="9" coveredstatements="9" conditionals="6" coveredconditionals="6" methods="1" coveredmethods="1"/>
      <line num="1" count="1" type="stmt"/>
      <line num="2" count="4" type="cond" truecount="2" falsecount="0"/>
      <line num="3" count="1" type="stmt"/>
      <line num="5" count="3" type="cond" truecount="2" falsecount="0"/>
      <line num="6" count="1" type="stmt"/>
      <line num="8" count="2" type="cond" truecount="2" falsecount="0"/>
      <line num="9" count="1" type="stmt"/>
      <line num="11" count="1" type="stmt"/>
      <line num="14" count="1" type="stmt"/>
    </file>
    <file name="helper.js" path="/home/allinny/Documentos/Capacitação/jest-basic-challenges/src/helper.js">
      <metrics statements="16" coveredstatements="16" conditionals="0" coveredconditionals="0" methods="11" coveredmethods="11"/>
      <line num="1" count="1" type="stmt"/>
      <line num="3" count="1" type="stmt"/>
      <line num="7" count="2" type="stmt"/>
      <line num="8" count="2" type="stmt"/>
      <line num="9" count="8" type="stmt"/>
      <line num="11" count="2" type="stmt"/>
      <line num="15" count="2" type="stmt"/>
      <line num="19" count="2" type="stmt"/>
      <line num="23" count="2" type="stmt"/>
      <line num="27" count="2" type="stmt"/>
      <line num="35" count="1" type="stmt"/>
      <line num="42" count="1" type="stmt"/>
      <line num="46" count="1" type="stmt"/>
      <line num="50" count="1" type="stmt"/>
      <line num="54" count="1" type="stmt"/>
      <line num="58" count="1" type="stmt"/>
    </file>
  </project>
</coverage>
