TN:
SF:src/duckClassifier.js
FN:1,(anonymous_0)
FNF:1
FNH:1
FNDA:4,(anonymous_0)
DA:1,1
DA:2,4
DA:3,1
DA:5,3
DA:6,1
DA:8,2
DA:9,1
DA:11,1
DA:14,1
LF:9
LH:9
BRDA:2,0,0,1
BRDA:2,0,1,3
BRDA:5,1,0,1
BRDA:5,1,1,2
BRDA:8,2,0,1
BRDA:8,2,1,1
BRF:6
BRH:6
end_of_record
TN:
SF:src/helper.js
FN:2,(anonymous_0)
FN:6,(anonymous_1)
FN:14,(anonymous_2)
FN:18,(anonymous_3)
FN:22,(anonymous_4)
FN:26,(anonymous_5)
FN:34,(anonymous_6)
FN:41,(anonymous_7)
FN:45,(anonymous_8)
FN:49,(anonymous_9)
FN:53,(anonymous_10)
FNF:11
FNH:11
FNDA:1,(anonymous_0)
FNDA:2,(anonymous_1)
FNDA:2,(anonymous_2)
FNDA:2,(anonymous_3)
FNDA:2,(anonymous_4)
FNDA:2,(anonymous_5)
FNDA:1,(anonymous_6)
FNDA:1,(anonymous_7)
FNDA:1,(anonymous_8)
FNDA:1,(anonymous_9)
FNDA:1,(anonymous_10)
DA:1,1
DA:3,1
DA:7,2
DA:8,2
DA:9,8
DA:11,2
DA:15,2
DA:19,2
DA:23,2
DA:27,2
DA:35,1
DA:42,1
DA:46,1
DA:50,1
DA:54,1
DA:58,1
LF:16
LH:16
BRF:0
BRH:0
end_of_record
